<?xml version="1.0" encoding="UTF-8"?>
<!-- Generated by org.testng.reporters.JUnitXMLReporter -->
<testsuite hostname="DESKTOP-GM181MI" name="Default test" tests="2" failures="0" timestamp="25 Aug 2019 06:22:56 GMT" time="7.457" errors="0">
  <testcase name="validateCreateCustomerAPIWithValidSecretKey" time="5.406" classname="com.way2automation.APIBatch5.TestCases.ValidateCreateCustomerAPI"/>
  <testcase name="validateCreateCustomerAPIWithInValidSecretKey" time="2.037" classname="com.way2automation.APIBatch5.TestCases.ValidateCreateCustomerAPI"/>
</testsuite> <!-- Default test -->
